<?xml version="1.0" encoding="UTF-8"?>
<testng-results skipped="0" failed="0" ignored="0" total="0" passed="0">
  <reporter-output>
  </reporter-output>
  <suite name="Default suite" duration-ms="11" started-at="2022-01-19T08:04:51Z" finished-at="2022-01-19T08:04:51Z">
    <groups>
    </groups>
    <test name="Default test" duration-ms="11" started-at="2022-01-19T08:04:51Z" finished-at="2022-01-19T08:04:51Z">
    </test> <!-- Default test -->
  </suite> <!-- Default suite -->
</testng-results>
